<?xml version="1.0" encoding="UTF-8"?>
<!-- Generated by org.testng.reporters.JUnitReportReporter -->
<testsuite skipped="0" hostname="MAC0P3HV2PSQA.local" name="lab.PostAPI" tests="1" failures="0" timestamp="09 Jan 2019 08:08:19 GMT" time="1.162" errors="0">
  <testcase name="testPost" time="1.162" classname="lab.PostAPI"/>
</testsuite> <!-- lab.PostAPI -->
